2026-03-12 12:49:31,489 [INFO] ============================================================
2026-03-12 12:49:31,490 [INFO]   바이비트 선물 자동매매 v2 — 채널 돌파 (weight=1/n)
2026-03-12 12:49:31,490 [INFO] ============================================================
2026-03-12 12:49:31,490 [INFO]   레버리지=2x, 슬롯=4, 현금=40%
2026-03-12 12:49:31,490 [INFO]   포지션 사이징: 동적 1/n (최대 4슬롯)
2026-03-12 12:49:31,490 [INFO]   월간 리밸런싱: ON
2026-03-12 12:49:31,490 [INFO]   테스트넷=OFF
2026-03-12 12:49:31,490 [INFO]   드라이런=OFF
2026-03-12 12:49:31,490 [INFO]   A: 상단돌파 롱 SL=7% TP=25% 7일
2026-03-12 12:49:31,490 [INFO]   B: 하단돌파 롱 SL=5% TP=15% 14일
2026-03-12 12:49:31,491 [INFO]   C: 상단터치 숏 SL=15% TP=20% 10일
2026-03-12 12:49:31,491 [INFO] ============================================================
2026-03-12 12:49:31,491 [INFO]   일간 체크 시작 (v2: weight=1/n)
2026-03-12 12:49:31,491 [INFO] ============================================================
2026-03-12 12:49:31,669 [INFO] BTC 시장: SMA20=67948 <= SMA50=72458 → 약세
2026-03-12 12:49:42,867 [INFO] 시그널 후보: 0개 → 진입 예정: 0개
2026-03-12 12:49:42,867 [INFO] 월간 리밸런싱: 2026-03
2026-03-12 12:49:42,959 [INFO] ── 리사이즈: 1/2 비중 (슬롯 $1,045, 주문 $2,090) [월간리밸런싱(2026-03)] ──
2026-03-12 12:49:43,131 [INFO] 숏 진입: SHIB1000USDT qty=159060 → {'retCode': 0, 'retMsg': 'OK', 'result': {'orderId': 'a425d428-8f32-40a3-b6b5-61daa911a941', 'orderLinkId': ''}, 'retExtInfo': {}, 'time': 1773319783098}
2026-03-12 12:49:43,132 [INFO]   SHIB1000USDT: +159060 ($1136 → $2090)
2026-03-12 12:49:43,132 [INFO]   60초 대기...
2026-03-12 12:50:43,345 [INFO] 숏 진입: AVNTUSDT qty=6033 → {'retCode': 0, 'retMsg': 'OK', 'result': {'orderId': '4ac1eaa1-ebd7-4916-a8e4-c33bd16167a9', 'orderLinkId': ''}, 'retExtInfo': {}, 'time': 1773319843310}
2026-03-12 12:50:43,345 [INFO]   AVNTUSDT: +6033 ($1044 → $2090)
2026-03-12 12:50:43,346 [INFO]   60초 대기...
2026-03-12 12:53:38,400 [INFO] ============================================================
2026-03-12 12:53:38,400 [INFO]   바이비트 선물 자동매매 v2 — 채널 돌파 (weight=1/n)
2026-03-12 12:53:38,400 [INFO] ============================================================
2026-03-12 12:53:38,400 [INFO]   레버리지=2x, 슬롯=4, 현금=40%
2026-03-12 12:53:38,400 [INFO]   포지션 사이징: 동적 1/n (최대 4슬롯)
2026-03-12 12:53:38,400 [INFO]   월간 리밸런싱: ON
2026-03-12 12:53:38,400 [INFO]   테스트넷=OFF
2026-03-12 12:53:38,400 [INFO]   드라이런=OFF
2026-03-12 12:53:38,401 [INFO]   A: 상단돌파 롱 SL=7% TP=25% 7일
2026-03-12 12:53:38,401 [INFO]   B: 하단돌파 롱 SL=5% TP=15% 14일
2026-03-12 12:53:38,401 [INFO]   C: 상단터치 숏 SL=15% TP=20% 10일
2026-03-12 12:53:38,401 [INFO] --- 보유 포지션: 2/4 (비중: 1/2) ---
2026-03-12 12:53:38,402 [INFO]   SHIB1000USDT C(상단터치 숏) short entry=$0.0056 qty=349400.0 SL=$0.0065 TP=$0.0045 보유 2일/10일
2026-03-12 12:53:38,402 [INFO]   AVNTUSDT C(상단터치 숏) short entry=$0.1744 qty=12092.0 SL=$0.2005 TP=$0.1395 보유 0일/10일
2026-03-12 12:53:38,402 [INFO] 스케줄:
2026-03-12 12:53:38,402 [INFO]   00:05 UTC → 일간 체크 (시그널 + 진입/청산 + 리사이즈)
